<?xml version="1.0" encoding="utf-8" standalone="no"?>
<!--This file represents the results of running a test suite-->
<test-results name="D:\Raju\10-Mar-2015\GitHubApplication\FirstApp\AT\Bank\bin\Debug\Bank.dll" total="1" errors="0" failures="0" not-run="0" inconclusive="0" ignored="0" skipped="0" invalid="0" date="2015-03-26" time="15:26:12">
  <environment nunit-version="2.6.4.14350" clr-version="2.0.50727.5485" os-version="Microsoft Windows NT 6.1.7601 Service Pack 1" platform="Win32NT" cwd="C:\Program Files (x86)\NUnit 2.6.4\bin" machine-name="PSSPLAHM-10" user="Rajesh" user-domain="PSSPLAHM" />
  <culture-info current-culture="en-US" current-uiculture="en-US" />
  <test-suite type="Assembly" name="D:\Raju\10-Mar-2015\GitHubApplication\FirstApp\AT\Bank\bin\Debug\Bank.dll" executed="True" result="Success" success="True" time="0.002" asserts="0">
    <results>
      <test-suite type="Namespace" name="Bank" executed="True" result="Success" success="True" time="0.002" asserts="0">
        <results>
          <test-suite type="TestFixture" name="AT_UnitTest" executed="True" result="Success" success="True" time="0.001" asserts="0">
            <results>
              <test-case name="Bank.AT_UnitTest.Test_Equal" executed="True" result="Success" success="True" time="0.000" asserts="1" />
            </results>
          </test-suite>
        </results>
      </test-suite>
    </results>
  </test-suite>
</test-results>