<?xml version="1.0" encoding="utf-8" standalone="no"?>
<!--This file represents the results of running a test suite-->
<test-results name="D:\Raju\10-Mar-2015\GitHubApplication\FirstApp\AT_UnitTest\ATUnitTest_UnitTest\bin\Debug\ATUnitTest_UnitTest.dll" total="1" errors="0" failures="0" not-run="0" inconclusive="0" ignored="0" skipped="0" invalid="0" date="2015-03-27" time="11:24:17">
  <environment nunit-version="2.6.4.14350" clr-version="2.0.50727.5485" os-version="Microsoft Windows NT 6.1.7601 Service Pack 1" platform="Win32NT" cwd="C:\Program Files (x86)\NUnit 2.6.4\bin" machine-name="PSSPLAHM-10" user="Rajesh" user-domain="PSSPLAHM" />
  <culture-info current-culture="en-US" current-uiculture="en-US" />
  <test-suite type="Assembly" name="D:\Raju\10-Mar-2015\GitHubApplication\FirstApp\AT_UnitTest\ATUnitTest_UnitTest\bin\Debug\ATUnitTest_UnitTest.dll" executed="True" result="Success" success="True" time="0.001" asserts="0">
    <results>
      <test-suite type="Namespace" name="ATUnitTest_UnitTest" executed="True" result="Success" success="True" time="0.001" asserts="0">
        <results>
          <test-suite type="TestFixture" name="UnitTest1" executed="True" result="Success" success="True" time="0.001" asserts="0">
            <results>
              <test-case name="ATUnitTest_UnitTest.UnitTest1.TestMethod2" executed="True" result="Success" success="True" time="0.000" asserts="1" />
            </results>
          </test-suite>
        </results>
      </test-suite>
    </results>
  </test-suite>
</test-results>